[2018-05-26 13:23:55] GREEDY||samples/karate.gml||louvain||50||[0.27092832970345093, 0.26654818079817205, 0.26229342490928376, 0.25817022054555205, 0.25417260530601893, 0.2502949700500297, 0.24667966002630504, 0.24326624117721235, 0.23996718304479503, 0.2367549254492328, 0.23361140350166257, 0.23054635924143407, 0.22760626473609574, 0.22477142514302414, 0.22200514227252424, 0.21935201915954425, 0.21678244890396522, 0.21426218135760672, 0.21179889806029328, 0.20938838498515314, 0.2070332443723627, 0.20475316580778766, 0.20252714592236007, 0.20034823056250145, 0.1982149277602322, 0.1961189971841431, 0.19410047988681792, 0.19211548125283065, 0.19017539859090252, 0.188273500836351, 0.18640075674715637, 0.18457580436869175, 0.18279903327403427, 0.18105603655186908, 0.1793454547803048, 0.17766638014337552, 0.17601158764880337, 0.1743868239168849, 0.17280166081602827, 0.17125955284602495, 0.16974069691012572, 0.16824812906577408, 0.16677571731860472, 0.16535506800958943, 0.16395336780582395, 0.16257384237784717, 0.16121226860240698, 0.15987296897820596, 0.15855303777165325, 0.15724947494556815]||[1.0, 0.8940397350993378, 0.7716049382716049, 0.8940397350993378, 0.7716049382716049, 0.6049382716049383, 0.7716049382716049, 0.42105263157894735, 0.27699530516431925, 0.4521276595744681, 0.43414634146341463, 0.3879781420765027, 0.33014354066985646, 0.4913294797687861, 0.39086294416243655, 0.39086294416243655, 0.2835820895522388, 0.336283185840708, 0.37142857142857144, 0.3613861386138614, 0.37142857142857144, 0.3541666666666667, 0.37142857142857144, 0.24358974358974358, 0.225531914893617, 0.23076923076923078, 0.24271844660194175, 0.2009132420091324, 0.22535211267605634, 0.22535211267605634, 0.2537313432835821, 0.28440366972477066, 0.28440366972477066, 0.28440366972477066, 0.19444444444444445, 0.2702702702702703, 0.2702702702702703, 0.22613065326633167, 0.24423963133640553, 0.2955665024630542, 0.2237442922374429, 0.25757575757575757, 0.3020833333333333, 0.32323232323232326, 0.32608695652173914, 0.32608695652173914, 0.2647058823529412, 0.17842323651452283, 0.23873873873873874, 0.2512315270935961]
[2018-05-26 13:24:54] GA||samples/karate.gml||louvain||6||0.250447||0.750000
[2018-05-26 13:24:54] GA||samples/karate.gml||louvain||5||0.254173||0.771605
[2018-05-26 13:24:54] GA||samples/karate.gml||louvain||4||0.258170||0.608247
[2018-05-26 13:24:55] GA||samples/karate.gml||louvain||7||0.246803||0.573770
[2018-05-26 13:24:55] GA||samples/karate.gml||louvain||1||0.270928||1.000000
[2018-05-26 13:24:55] GA||samples/karate.gml||louvain||2||0.266548||0.894040
[2018-05-26 13:24:57] GA||samples/karate.gml||louvain||3||0.262293||0.894040
[2018-05-26 13:25:18] GA||samples/karate.gml||louvain||8||0.243523||0.356784
[2018-05-26 13:26:13] GA||samples/karate.gml||louvain||12||0.231005||0.283582
[2018-05-26 13:26:14] GA||samples/karate.gml||louvain||9||0.240211||0.324074
[2018-05-26 13:26:16] GA||samples/karate.gml||louvain||14||0.225025||0.272727
[2018-05-26 13:26:16] GA||samples/karate.gml||louvain||10||0.237132||0.427136
[2018-05-26 13:26:17] GA||samples/karate.gml||louvain||11||0.234171||0.485714
[2018-05-26 13:26:17] GA||samples/karate.gml||louvain||13||0.227977||0.482927
[2018-05-26 13:26:17] GA||samples/karate.gml||louvain||15||0.222696||0.375000
[2018-05-26 13:26:41] GA||samples/karate.gml||louvain||16||0.220084||0.440000
[2018-05-26 13:27:37] GA||samples/karate.gml||louvain||17||0.217489||0.676301
[2018-05-26 13:27:38] GA||samples/karate.gml||louvain||18||0.215065||0.449438
[2018-05-26 13:27:40] GA||samples/karate.gml||louvain||19||0.212607||0.410377
[2018-05-26 13:27:41] GA||samples/karate.gml||louvain||20||0.210307||0.248804
[2018-05-26 13:27:42] GA||samples/karate.gml||louvain||21||0.207958||0.432836
[2018-05-26 13:27:46] GA||samples/karate.gml||louvain||22||0.205541||0.328571
[2018-05-26 13:27:49] GA||samples/karate.gml||louvain||23||0.203467||0.437186
[2018-05-26 13:28:18] GA||samples/karate.gml||louvain||24||0.201341||0.362550
[2018-05-26 13:29:00] GA||samples/karate.gml||louvain||25||0.199075||0.305677
[2018-05-26 13:29:04] GA||samples/karate.gml||louvain||26||0.197057||0.236111
[2018-05-26 13:29:08] GA||samples/karate.gml||louvain||27||0.195065||0.372197
[2018-05-26 13:29:10] GA||samples/karate.gml||louvain||28||0.192976||0.296482
[2018-05-26 13:29:14] GA||samples/karate.gml||louvain||29||0.191435||0.271493
[2018-05-26 13:29:15] GA||samples/karate.gml||louvain||30||0.189534||0.287805
[2018-05-26 13:29:15] GA||samples/karate.gml||louvain||31||0.187296||0.236967
[2018-05-26 13:29:47] GA||samples/karate.gml||louvain||32||0.185756||0.294118
[2018-05-26 13:30:37] GA||samples/karate.gml||louvain||33||0.183709||0.442786
[2018-05-26 13:30:40] GA||samples/karate.gml||louvain||35||0.180467||0.392523
[2018-05-26 13:30:41] GA||samples/karate.gml||louvain||34||0.181949||0.202703
[2018-05-26 13:30:43] GA||samples/karate.gml||louvain||36||0.178874||0.280543
[2018-05-26 13:30:46] GA||samples/karate.gml||louvain||37||0.177391||0.271357
[2018-05-26 13:30:46] GA||samples/karate.gml||louvain||38||0.175673||0.203704
[2018-05-26 13:30:51] GA||samples/karate.gml||louvain||39||0.174000||0.258537
[2018-05-26 13:31:18] GA||samples/karate.gml||louvain||40||0.172509||0.240385
[2018-05-26 13:32:10] GA||samples/karate.gml||louvain||42||0.169355||0.286364
[2018-05-26 13:32:11] GA||samples/karate.gml||louvain||41||0.171192||0.312775
[2018-05-26 13:32:12] GA||samples/karate.gml||louvain||43||0.168171||0.217593
[2018-05-26 13:32:16] GA||samples/karate.gml||louvain||44||0.166556||0.239316
[2018-05-26 13:32:20] GA||samples/karate.gml||louvain||46||0.163615||0.261261
[2018-05-26 13:32:28] GA||samples/karate.gml||louvain||45||0.165393||0.260274
[2018-05-26 13:32:32] GA||samples/karate.gml||louvain||47||0.162446||0.177570
[2018-05-26 13:32:43] GREEDY||samples/karate.gml||fast_newman||50||[0.2636884041938012, 0.2592708427397124, 0.25502374543530637, 0.2509121274289704, 0.24692963946071972, 0.24307032183859914, 0.23954971656437637, 0.23617139836042733, 0.23286682152022428, 0.2296528185342927, 0.2265256958258096, 0.22348176198713027, 0.2205920200067594, 0.2177756042721619, 0.2151161082276285, 0.21252020139357783, 0.20997136828013935, 0.20748259265675506, 0.20505174733226403, 0.20267667220794475, 0.20040292729065975, 0.19817655398046866, 0.19601690509240535, 0.19391257737696116, 0.19184676763930203, 0.1898209551375982, 0.1878373714297386, 0.18589010106467527, 0.1839760968934111, 0.18209309404900303, 0.1802481930862502, 0.17847974918371978, 0.1767455871872318, 0.17504469388298685, 0.17340072900424425, 0.17178598965860903, 0.17019878777565803, 0.16864059935321923, 0.1671020358071142, 0.16558687495113636, 0.16409890360411775, 0.1626358268687986, 0.16119229411783953, 0.15978087395824522, 0.15839598676644004, 0.1570391528481916, 0.15571551724787727, 0.1544234727771738, 0.15315266640076228, 0.15190256158317195]||[1.0, 1.0, 1.0, 1.0, 0.7814569536423841, 0.7814569536423841, 0.559322033898305, 0.559322033898305, 0.5187165775401069, 0.5268817204301075, 0.391304347826087, 0.362962962962963, 0.362962962962963, 0.4271356783919598, 0.4271356783919598, 0.37623762376237624, 0.4264705882352941, 0.362962962962963, 0.362962962962963, 0.3409090909090909, 0.40225563909774437, 0.36619718309859156, 0.36619718309859156, 0.3617021276595745, 0.30980392156862746, 0.33454545454545453, 0.33454545454545453, 0.34798534798534797, 0.34798534798534797, 0.3490909090909091, 0.3490909090909091, 0.36713286713286714, 0.36713286713286714, 0.36713286713286714, 0.36713286713286714, 0.36395759717314485, 0.36395759717314485, 0.36395759717314485, 0.3890784982935154, 0.3896551724137931, 0.3896551724137931, 0.3890784982935154, 0.3890784982935154, 0.3890784982935154, 0.3890784982935154, 0.3333333333333333, 0.3890784982935154, 0.3890784982935154, 0.3890784982935154, 0.3890784982935154]
[2018-05-26 13:32:49] GA||samples/karate.gml||louvain||48||0.161359||0.262443
[2018-05-26 13:33:35] GA||samples/karate.gml||fast_newman||2||0.259271||1.000000
[2018-05-26 13:33:37] GA||samples/karate.gml||fast_newman||1||0.263688||1.000000
[2018-05-26 13:33:46] GA||samples/karate.gml||louvain||50||0.158541||0.190476
[2018-05-26 13:33:47] GA||samples/karate.gml||fast_newman||3||0.255024||0.577778
[2018-05-26 13:33:49] GA||samples/karate.gml||louvain||49||0.159540||0.271930
[2018-05-26 13:33:51] GA||samples/karate.gml||fast_newman||4||0.250912||0.540404
[2018-05-26 13:33:59] GA||samples/karate.gml||fast_newman||5||0.246930||0.781457
[2018-05-26 13:34:07] GA||samples/karate.gml||fast_newman||6||0.243173||0.567251
[2018-05-26 13:34:56] GA||samples/karate.gml||fast_newman||7||0.239693||0.763158
[2018-05-26 13:34:57] GA||samples/karate.gml||fast_newman||8||0.236498||0.388350
[2018-05-26 13:35:02] GA||samples/karate.gml||fast_newman||9||0.233044||0.311594
[2018-05-26 13:35:05] GA||samples/karate.gml||fast_newman||10||0.230059||0.460094
[2018-05-26 13:35:07] GA||samples/karate.gml||fast_newman||11||0.227035||0.497326
[2018-05-26 13:35:10] GA||samples/karate.gml||fast_newman||12||0.223916||0.391304
[2018-05-26 13:35:20] GA||samples/karate.gml||fast_newman||13||0.221273||0.274336
[2018-05-26 13:35:32] GA||samples/karate.gml||fast_newman||14||0.218592||0.419689
[2018-05-26 13:36:17] GA||samples/karate.gml||fast_newman||16||0.213247||0.326460
[2018-05-26 13:36:19] GA||samples/karate.gml||fast_newman||15||0.215809||0.451327
[2018-05-26 13:36:25] GA||samples/karate.gml||fast_newman||17||0.210955||0.275168
[2018-05-26 13:36:28] GA||samples/karate.gml||fast_newman||18||0.208259||0.389078
[2018-05-26 13:36:29] GA||samples/karate.gml||fast_newman||19||0.206219||0.249097
[2018-05-26 13:36:39] GA||samples/karate.gml||fast_newman||20||0.203835||0.240385
[2018-05-26 13:36:46] GA||samples/karate.gml||fast_newman||21||0.201126||0.376033
[2018-05-26 13:37:02] GA||samples/karate.gml||fast_newman||22||0.199084||0.332103
[2018-05-26 13:37:45] GA||samples/karate.gml||fast_newman||23||0.197478||0.334437
[2018-05-26 13:37:48] GA||samples/karate.gml||fast_newman||24||0.195223||0.296970
[2018-05-26 13:37:50] GA||samples/karate.gml||fast_newman||25||0.192864||0.278646
[2018-05-26 13:38:01] GA||samples/karate.gml||fast_newman||27||0.188925||0.319892
[2018-05-26 13:38:03] GA||samples/karate.gml||fast_newman||26||0.191234||0.310924
[2018-05-26 13:38:08] GA||samples/karate.gml||fast_newman||28||0.187159||0.238095
[2018-05-26 13:38:16] GA||samples/karate.gml||fast_newman||29||0.185540||0.326409
[2018-05-26 13:38:38] GA||samples/karate.gml||fast_newman||30||0.183461||0.255474
[2018-05-26 13:39:18] GA||samples/karate.gml||fast_newman||31||0.181744||0.248521
[2018-05-26 13:39:19] GA||samples/karate.gml||fast_newman||32||0.180184||0.222749
[2018-05-26 13:39:25] GA||samples/karate.gml||fast_newman||33||0.178453||0.283525
[2018-05-26 13:39:36] GA||samples/karate.gml||fast_newman||35||0.175110||0.300836
[2018-05-26 13:39:36] GA||samples/karate.gml||fast_newman||34||0.176658||0.288714
[2018-05-26 13:39:45] GA||samples/karate.gml||fast_newman||37||0.172205||0.278788
[2018-05-26 13:39:47] GA||samples/karate.gml||fast_newman||36||0.173209||0.353659
[2018-05-26 13:40:11] GA||samples/karate.gml||fast_newman||38||0.170590||0.252551
[2018-05-26 13:40:53] GA||samples/karate.gml||fast_newman||39||0.168668||0.289855
[2018-05-26 13:40:57] GA||samples/karate.gml||fast_newman||40||0.167194||0.307359
[2018-05-26 13:41:02] GA||samples/karate.gml||fast_newman||41||0.165855||0.245413
[2018-05-26 13:41:15] GA||samples/karate.gml||fast_newman||42||0.164182||0.262791
[2018-05-26 13:41:19] GA||samples/karate.gml||fast_newman||43||0.163235||0.248276
[2018-05-26 13:41:21] GA||samples/karate.gml||fast_newman||44||0.161523||0.308123
[2018-05-26 13:41:26] GA||samples/karate.gml||fast_newman||45||0.160250||0.268293
[2018-05-26 13:41:52] GA||samples/karate.gml||fast_newman||46||0.158625||0.276712
[2018-05-26 13:42:33] GA||samples/karate.gml||fast_newman||47||0.157429||0.315522
[2018-05-26 13:42:39] GA||samples/karate.gml||fast_newman||48||0.156435||0.262791
[2018-05-26 13:42:46] GA||samples/karate.gml||fast_newman||49||0.155152||0.254945
[2018-05-26 13:42:58] GA||samples/karate.gml||fast_newman||50||0.153457||0.225131
[2018-05-26 13:43:40] GA||samples/dolphins.gml||louvain||2||0.273717||0.757238
[2018-05-26 13:43:42] GA||samples/dolphins.gml||louvain||1||0.276168||0.826667
[2018-05-26 13:44:15] GA||samples/dolphins.gml||louvain||3||0.271313||0.706522
[2018-05-26 13:44:48] GA||samples/dolphins.gml||louvain||4||0.269185||0.718816
[2018-05-26 13:44:52] GA||samples/dolphins.gml||louvain||6||0.264665||0.658996
[2018-05-26 13:44:57] GA||samples/dolphins.gml||louvain||5||0.266839||0.616558
[2018-05-26 13:45:20] GA||samples/dolphins.gml||louvain||7||0.263016||0.512998
[2018-05-26 13:45:34] GREEDY||samples/dolphins.gml||louvain||100||[0.27616802076944813, 0.273717302003083, 0.2713132217042116, 0.2689560926282951, 0.2667509942455774, 0.2646647459929806, 0.2626126844946839, 0.26059395185062356, 0.25860771916869313, 0.2567173788975103, 0.2548570006531567, 0.2530278546005432, 0.25122908223765195, 0.24945985832929946, 0.247750105298881, 0.24606513266551955, 0.2444043822278589, 0.24281011224569787, 0.2412378995995906, 0.23968726688193542, 0.23816048283808067, 0.23665668952810962, 0.23517530412514226, 0.23371576505171812, 0.2322775309604293, 0.23086703082035936, 0.2295052659881267, 0.22816063438123652, 0.22683279480863452, 0.22552141550545995, 0.22422423589060994, 0.22294007108302122, 0.22166913020337745, 0.2204213696473168, 0.2191902269788983, 0.21797088696525674, 0.21676777248527299, 0.2155805124967045, 0.21440909087279483, 0.21327153044991884, 0.21214547635391495, 0.21103214923308297, 0.20992907691570753, 0.20883675355357745, 0.20775504218467508, 0.2066832184355719, 0.2056219295832807, 0.20457813513897383, 0.20354517641277425, 0.20252289611400334, 0.20151303075396926, 0.20051286522122205, 0.19952320962581258, 0.198544029811584, 0.1975748383015401, 0.1966137467280941, 0.19567320238510266, 0.19474355239961946, 0.19382265958508318, 0.1929107019999474, 0.19200608049571388, 0.1911105592477794, 0.1902225101584189, 0.18934873862939006, 0.18848466214779144, 0.18762983913849077, 0.18678125255074746, 0.18593978238432834, 0.18510544886874528, 0.1842780339892211, 0.1834567921035702, 0.1826434158699591, 0.1818377178036083, 0.18103751697900236, 0.18024364505216708, 0.17945724476869795, 0.1786782029315563, 0.17790539134740083, 0.1771417588760731, 0.17638445024973054, 0.1756340791341948, 0.1748928779925761, 0.1741603590809249, 0.17343488665459308, 0.17271491509023948, 0.17200229993238655, 0.17129642654970212, 0.17059572065405407, 0.16990045342230514, 0.1692100104291967, 0.16852561168279384, 0.16784618546740468, 0.16717213765500802, 0.1665033631071565, 0.1658396437037325, 0.16518161171875675, 0.16452856516136527, 0.1638802917343736, 0.1632375020001858, 0.1625993639930787]||[0.8266666666666667, 0.7572383073496659, 0.7065217391304348, 0.6694045174537988, 0.6468172484599589, 0.5774058577405857, 0.5121951219512195, 0.501039501039501, 0.4885654885654886, 0.4059040590405904, 0.4059040590405904, 0.4059040590405904, 0.40860215053763443, 0.40860215053763443, 0.40860215053763443, 0.40860215053763443, 0.40860215053763443, 0.3896797153024911, 0.3896797153024911, 0.39399624765478425, 0.4024822695035461, 0.39399624765478425, 0.39399624765478425, 0.39399624765478425, 0.3732638888888889, 0.3642611683848797, 0.3968804159445407, 0.3968804159445407, 0.3861209964412811, 0.3861209964412811, 0.3861209964412811, 0.4126984126984127, 0.4017391304347826, 0.4017391304347826, 0.4017391304347826, 0.4017391304347826, 0.3762541806020067, 0.3762541806020067, 0.3762541806020067, 0.3762541806020067, 0.3762541806020067, 0.3619744058500914, 0.3220338983050847, 0.31825795644891125, 0.31825795644891125, 0.375, 0.375, 0.358843537414966, 0.34912280701754383, 0.37056737588652483, 0.32653061224489793, 0.32653061224489793, 0.32653061224489793, 0.32653061224489793, 0.32653061224489793, 0.32653061224489793, 0.32653061224489793, 0.32653061224489793, 0.3406408094435076, 0.3406408094435076, 0.31727574750830567, 0.31727574750830567, 0.3027027027027027, 0.3027027027027027, 0.3119266055045872, 0.3027027027027027, 0.3027027027027027, 0.3027027027027027, 0.31727574750830567, 0.31727574750830567, 0.31727574750830567, 0.31727574750830567, 0.3027027027027027, 0.3027027027027027, 0.3027027027027027, 0.3027027027027027, 0.3027027027027027, 0.3027027027027027, 0.2823741007194245, 0.2823741007194245, 0.2976827094474153, 0.30905861456483125, 0.30905861456483125, 0.30905861456483125, 0.30418943533697634, 0.30418943533697634, 0.30418943533697634, 0.2927689594356261, 0.2927689594356261, 0.2927689594356261, 0.33620689655172414, 0.33620689655172414, 0.33620689655172414, 0.33620689655172414, 0.302158273381295, 0.33620689655172414, 0.31181102362204727, 0.2974910394265233, 0.2967741935483871, 0.26161790017211706]
[2018-05-26 13:45:57] GA||samples/dolphins.gml||louvain||8||0.260690||0.515658
[2018-05-26 13:46:00] GA||samples/dolphins.gml||louvain||9||0.258886||0.477842
[2018-05-26 13:46:36] GA||samples/dolphins.gml||louvain||10||0.257111||0.528571
[2018-05-26 13:47:00] GA||samples/dolphins.gml||louvain||11||0.255056||0.553459
[2018-05-26 13:47:07] GA||samples/dolphins.gml||louvain||12||0.253345||0.446774
[2018-05-26 13:47:27] GA||samples/dolphins.gml||louvain||13||0.251659||0.534517
[2018-05-26 13:47:37] GA||samples/dolphins.gml||louvain||14||0.249980||0.509395
[2018-05-26 13:47:50] GA||samples/dolphins.gml||louvain||15||0.248443||0.490126
[2018-05-26 13:48:22] GA||samples/dolphins.gml||louvain||16||0.246855||0.449458
[2018-05-26 13:48:28] GA||samples/dolphins.gml||louvain||17||0.245291||0.491124
[2018-05-26 13:49:00] GA||samples/dolphins.gml||louvain||18||0.243902||0.493802
[2018-05-26 13:49:21] GA||samples/dolphins.gml||louvain||19||0.242351||0.392427
[2018-05-26 13:49:26] GA||samples/dolphins.gml||louvain||20||0.240812||0.483101
[2018-05-26 13:49:50] GA||samples/dolphins.gml||louvain||21||0.239509||0.571429
[2018-05-26 13:49:58] GA||samples/dolphins.gml||louvain||22||0.237856||0.396161
[2018-05-26 13:50:14] GA||samples/dolphins.gml||louvain||23||0.236592||0.454206
[2018-05-26 13:50:41] GA||samples/dolphins.gml||louvain||24||0.234891||0.386570
[2018-05-26 13:50:47] GA||samples/dolphins.gml||louvain||25||0.233781||0.400685
[2018-05-26 13:51:18] GA||samples/dolphins.gml||louvain||26||0.232672||0.390492
[2018-05-26 13:51:44] GA||samples/dolphins.gml||louvain||27||0.231507||0.397541
[2018-05-26 13:51:50] GA||samples/dolphins.gml||louvain||28||0.229880||0.343866
[2018-05-26 13:52:16] GA||samples/dolphins.gml||louvain||29||0.229339||0.413732
[2018-05-26 13:52:23] GA||samples/dolphins.gml||louvain||30||0.227188||0.438400
[2018-05-26 13:52:42] GA||samples/dolphins.gml||louvain||31||0.225930||0.483553
[2018-05-26 13:53:07] GA||samples/dolphins.gml||louvain||32||0.225260||0.360390
[2018-05-26 13:53:11] GA||samples/dolphins.gml||louvain||33||0.223446||0.415162
[2018-05-26 13:53:46] GA||samples/dolphins.gml||louvain||34||0.222602||0.528541
[2018-05-26 13:54:14] GA||samples/dolphins.gml||louvain||35||0.221513||0.437736
[2018-05-26 13:54:18] GA||samples/dolphins.gml||louvain||36||0.219569||0.345588
[2018-05-26 13:54:39] GA||samples/dolphins.gml||louvain||37||0.218771||0.373288
[2018-05-26 13:54:55] GA||samples/dolphins.gml||louvain||38||0.217834||0.350847
[2018-05-26 13:55:13] GA||samples/dolphins.gml||louvain||39||0.216601||0.310744
[2018-05-26 13:55:40] GA||samples/dolphins.gml||louvain||40||0.214926||0.396667
[2018-05-26 13:55:51] GA||samples/dolphins.gml||louvain||41||0.214854||0.329159
[2018-05-26 13:56:15] GA||samples/dolphins.gml||louvain||42||0.212599||0.358108
[2018-05-26 13:56:47] GA||samples/dolphins.gml||louvain||43||0.211947||0.421154
[2018-05-26 13:56:58] GA||samples/dolphins.gml||louvain||44||0.210876||0.418819
[2018-05-26 13:57:07] GA||samples/dolphins.gml||louvain||45||0.209639||0.397611
[2018-05-26 13:57:31] GA||samples/dolphins.gml||louvain||46||0.208792||0.295290
[2018-05-26 13:57:49] GA||samples/dolphins.gml||louvain||47||0.207927||0.397260
[2018-05-26 13:58:16] GA||samples/dolphins.gml||louvain||48||0.206390||0.311793
[2018-05-26 13:58:28] GA||samples/dolphins.gml||louvain||49||0.205380||0.351201
[2018-05-26 13:58:57] GA||samples/dolphins.gml||louvain||50||0.205068||0.367241
[2018-05-26 13:59:19] GA||samples/dolphins.gml||louvain||51||0.203894||0.364892
[2018-05-26 13:59:36] GA||samples/dolphins.gml||louvain||52||0.202886||0.360485
[2018-05-26 13:59:47] GA||samples/dolphins.gml||louvain||53||0.201787||0.311774
[2018-05-26 14:00:09] GA||samples/dolphins.gml||louvain||54||0.200561||0.351852
[2018-05-26 14:00:28] GA||samples/dolphins.gml||louvain||55||0.200062||0.300987
[2018-05-26 14:00:56] GA||samples/dolphins.gml||louvain||56||0.199161||0.338983
[2018-05-26 14:01:12] GA||samples/dolphins.gml||louvain||57||0.198336||0.365854
[2018-05-26 14:01:38] GA||samples/dolphins.gml||louvain||58||0.197111||0.332096
[2018-05-26 14:02:04] GA||samples/dolphins.gml||louvain||59||0.196285||0.312709
[2018-05-26 14:02:21] GA||samples/dolphins.gml||louvain||60||0.195334||0.288809
[2018-05-26 14:02:29] GA||samples/dolphins.gml||louvain||61||0.194335||0.349020
[2018-05-26 14:02:52] GA||samples/dolphins.gml||louvain||62||0.193426||0.350604
[2018-05-26 14:03:16] GA||samples/dolphins.gml||louvain||63||0.192338||0.339964
[2018-05-26 14:03:37] GA||samples/dolphins.gml||louvain||64||0.191739||0.252800
[2018-05-26 14:03:57] GA||samples/dolphins.gml||louvain||65||0.190836||0.311558
[2018-05-26 14:04:21] GA||samples/dolphins.gml||louvain||66||0.190149||0.283993
[2018-05-26 14:04:52] GA||samples/dolphins.gml||louvain||67||0.189226||0.259740
[2018-05-26 14:05:07] GA||samples/dolphins.gml||louvain||68||0.188010||0.296029
[2018-05-26 14:05:14] GA||samples/dolphins.gml||louvain||69||0.187496||0.271127
[2018-05-26 14:05:43] GA||samples/dolphins.gml||louvain||70||0.186716||0.284470
[2018-05-26 14:06:03] GA||samples/dolphins.gml||louvain||71||0.185466||0.316456
[2018-05-26 14:06:23] GA||samples/dolphins.gml||louvain||72||0.185217||0.358879
[2018-05-26 14:06:47] GA||samples/dolphins.gml||louvain||73||0.184431||0.274242
[2018-05-26 14:07:06] GA||samples/dolphins.gml||louvain||74||0.183210||0.312139
[2018-05-26 14:07:42] GA||samples/dolphins.gml||louvain||75||0.182320||0.291312
[2018-05-26 14:07:59] GA||samples/dolphins.gml||louvain||77||0.181012||0.300987
[2018-05-26 14:08:00] GA||samples/dolphins.gml||louvain||76||0.181871||0.297125
[2018-05-26 14:08:31] GA||samples/dolphins.gml||louvain||78||0.179736||0.287407
[2018-05-26 14:08:52] GA||samples/dolphins.gml||louvain||79||0.179451||0.273043
[2018-05-26 14:09:10] GA||samples/dolphins.gml||louvain||80||0.178494||0.294643
[2018-05-26 14:09:38] GA||samples/dolphins.gml||louvain||81||0.177825||0.269294
[2018-05-26 14:10:03] GA||samples/dolphins.gml||louvain||82||0.177391||0.318937
[2018-05-26 14:10:31] GA||samples/dolphins.gml||louvain||83||0.176255||0.310280
[2018-05-26 14:10:55] GA||samples/dolphins.gml||louvain||84||0.175761||0.201175
[2018-05-26 14:10:58] GA||samples/dolphins.gml||louvain||85||0.175461||0.286458
[2018-05-26 14:11:24] GA||samples/dolphins.gml||louvain||86||0.174488||0.300725
[2018-05-26 14:11:43] GA||samples/dolphins.gml||louvain||87||0.173435||0.265597
[2018-05-26 14:12:10] GA||samples/dolphins.gml||louvain||88||0.172660||0.240945
[2018-05-26 14:12:40] GA||samples/dolphins.gml||louvain||89||0.172214||0.265924
[2018-05-26 14:12:56] GA||samples/dolphins.gml||louvain||90||0.171485||0.308703
[2018-05-26 14:13:30] GA||samples/dolphins.gml||louvain||91||0.170610||0.286859
[2018-05-26 14:13:56] GA||samples/dolphins.gml||louvain||93||0.169398||0.274021
[2018-05-26 14:13:57] GA||samples/dolphins.gml||louvain||92||0.170026||0.326599
[2018-05-26 14:14:23] GA||samples/dolphins.gml||louvain||94||0.168649||0.281201
[2018-05-26 14:14:45] GA||samples/dolphins.gml||louvain||95||0.168109||0.235294
[2018-05-26 14:15:14] GA||samples/dolphins.gml||louvain||96||0.167399||0.304790
[2018-05-26 14:15:43] GA||samples/dolphins.gml||louvain||97||0.166992||0.211864
[2018-05-26 14:15:48] GA||samples/dolphins.gml||louvain||98||0.165863||0.247875
[2018-05-26 14:16:34] GA||samples/dolphins.gml||louvain||99||0.165590||0.262712
[2018-05-26 14:16:44] GA||samples/dolphins.gml||fast_newman||1||0.264525||0.721865
[2018-05-26 14:16:56] GA||samples/dolphins.gml||fast_newman||2||0.262211||0.678740
[2018-05-26 14:17:04] GA||samples/dolphins.gml||louvain||100||0.164880||0.243492
[2018-05-26 14:17:34] GA||samples/dolphins.gml||fast_newman||3||0.259952||0.391720
[2018-05-26 14:17:59] GA||samples/dolphins.gml||fast_newman||4||0.257841||0.400641
[2018-05-26 14:18:02] GA||samples/dolphins.gml||fast_newman||5||0.255737||0.392157
[2018-05-26 14:18:47] GA||samples/dolphins.gml||fast_newman||6||0.253795||0.371739
[2018-05-26 14:19:08] GA||samples/dolphins.gml||fast_newman||7||0.251952||0.397564
[2018-05-26 14:19:18] GA||samples/dolphins.gml||fast_newman||8||0.250121||0.364732
[2018-05-26 14:19:29] GA||samples/dolphins.gml||fast_newman||9||0.248166||0.391741
[2018-05-26 14:19:49] GREEDY||samples/dolphins.gml||fast_newman||100||[0.2645251708372559, 0.2622108472867362, 0.25995242829829107, 0.2577375291264142, 0.25566692286971227, 0.25369486571411015, 0.25175383556546455, 0.24984309625503098, 0.24796193490661947, 0.2461301451283985, 0.24439023458757522, 0.24267895895492678, 0.24099554484586636, 0.23934906284964624, 0.2377256676369749, 0.23612486533407184, 0.2345461763137236, 0.2329891346775573, 0.23148038168370888, 0.23003469707226656, 0.22861046232906107, 0.22720121002369034, 0.22580985995559877, 0.22443512678332733, 0.22307524444860566, 0.22173232895826156, 0.22040452240587338, 0.21909143293956115, 0.2177944407294516, 0.21651324215582263, 0.2152974355366618, 0.21409868735990678, 0.21291292828314906, 0.21173857856955983, 0.21057759506620385, 0.20942846519643502, 0.20829072826102035, 0.20716573508289213, 0.20605154374346915, 0.2049487191964408, 0.20385805512575408, 0.20277721790912012, 0.20170771237374469, 0.20064981878825736, 0.199608018352635, 0.19860210060017353, 0.19760922572670278, 0.19662660742770283, 0.195652040902045, 0.19468580947073713, 0.1937282844147925, 0.1927799860420666, 0.19183940819528944, 0.1909065616463413, 0.18998155460704377, 0.1890645855059233, 0.1881566367042022, 0.18725570802064, 0.18636367193197773, 0.18547829086603693, 0.1846144054078696, 0.18375866217226067, 0.18291111509114028, 0.1820713269892753, 0.181249612131745, 0.18043537595061324, 0.17962738130470665, 0.1788268726647404, 0.17803268264373892, 0.1772438647453606, 0.1764616026267435, 0.1756850185656251, 0.17491411466772935, 0.17414983894536684, 0.17339079090919227, 0.17263703953388881, 0.17188947313925684, 0.17114739297271594, 0.17041164363158004, 0.16968115683523133, 0.1689567501267115, 0.16824273202650883, 0.1675387550288547, 0.16683953615229716, 0.16614635900917574, 0.16545875660795345, 0.16477594265689183, 0.16410299035352013, 0.1634368892506243, 0.16277751258553333, 0.16212303460628577, 0.1614740094374984, 0.16082924488765768, 0.16018954151447262, 0.15955505685616084, 0.15892447424448455, 0.15829876917001282, 0.15767682129710095, 0.15705897917143852, 0.1564461487412579]||[0.7218649517684887, 0.6787401574803149, 0.44065934065934065, 0.39057591623036647, 0.3858350951374207, 0.3628415300546448, 0.3491561181434599, 0.336283185840708, 0.36180308422301305, 0.36180308422301305, 0.3517406962785114, 0.36180308422301305, 0.36180308422301305, 0.36180308422301305, 0.38992974238875877, 0.38992974238875877, 0.38620689655172413, 0.3894736842105263, 0.3543859649122807, 0.3416289592760181, 0.4505208333333333, 0.4505208333333333, 0.365296803652968, 0.33652694610778444, 0.456, 0.4564102564102564, 0.32399512789281365, 0.38935574229691877, 0.3017964071856287, 0.3017964071856287, 0.3017964071856287, 0.3017964071856287, 0.44327176781002636, 0.44327176781002636, 0.40903225806451615, 0.3726541554959786, 0.3726541554959786, 0.4211212516297262, 0.4211212516297262, 0.4211212516297262, 0.36617842876165113, 0.36617842876165113, 0.3954802259887006, 0.3954802259887006, 0.3954802259887006, 0.3954802259887006, 0.3954802259887006, 0.3954802259887006, 0.3743169398907104, 0.4129287598944591, 0.4129287598944591, 0.4129287598944591, 0.4119804400977995, 0.4119804400977995, 0.36617842876165113, 0.36617842876165113, 0.3743169398907104, 0.38016528925619836, 0.38016528925619836, 0.35005973715651134, 0.35005973715651134, 0.35005973715651134, 0.35005973715651134, 0.36164383561643837, 0.36164383561643837, 0.3979591836734694, 0.315668202764977, 0.315668202764977, 0.2741228070175439, 0.2741228070175439, 0.25, 0.28202247191011237, 0.28202247191011237, 0.29273285568065505, 0.29273285568065505, 0.2781065088757396, 0.2815533980582524, 0.28202247191011237, 0.28202247191011237, 0.28202247191011237, 0.337696335078534, 0.2889447236180904, 0.40476190476190477, 0.40476190476190477, 0.3208955223880597, 0.28164196123147095, 0.2739420935412027, 0.2781065088757396, 0.27946127946127947, 0.28863636363636364, 0.2781065088757396, 0.2781065088757396, 0.3505747126436782, 0.3505747126436782, 0.2553418803418803, 0.3087843833185448, 0.3087843833185448, 0.3710895361380798, 0.3635346756152125, 0.38375973303670746]
[2018-05-26 14:20:08] GA||samples/dolphins.gml||fast_newman||10||0.246723||0.442438
[2018-05-26 14:20:18] GA||samples/dolphins.gml||fast_newman||11||0.244878||0.377678
[2018-05-26 14:20:22] GA||samples/dolphins.gml||fast_newman||12||0.242985||0.354839
[2018-05-26 14:21:11] GA||samples/dolphins.gml||fast_newman||13||0.241447||0.395859
[2018-05-26 14:21:30] GA||samples/dolphins.gml||fast_newman||14||0.240163||0.355049
[2018-05-26 14:21:40] GA||samples/dolphins.gml||fast_newman||15||0.238764||0.396685
[2018-05-26 14:21:53] GA||samples/dolphins.gml||fast_newman||16||0.236652||0.364286
[2018-05-26 14:22:11] GA||samples/dolphins.gml||fast_newman||17||0.235501||0.359140
[2018-05-26 14:22:34] GA||samples/dolphins.gml||fast_newman||18||0.234325||0.334047
[2018-05-26 14:22:39] GA||samples/dolphins.gml||fast_newman||19||0.232441||0.382609
[2018-05-26 14:22:48] GA||samples/dolphins.gml||fast_newman||20||0.231283||0.359179
[2018-05-26 14:23:38] GA||samples/dolphins.gml||fast_newman||21||0.229984||0.308351
[2018-05-26 14:23:55] GA||samples/dolphins.gml||fast_newman||22||0.228851||0.427160
[2018-05-26 14:24:01] GA||samples/dolphins.gml||fast_newman||23||0.227170||0.348595
[2018-05-26 14:24:28] GA||samples/dolphins.gml||fast_newman||24||0.226067||0.352577
[2018-05-26 14:24:43] GA||samples/dolphins.gml||fast_newman||25||0.224906||0.426065
[2018-05-26 14:25:04] GA||samples/dolphins.gml||fast_newman||26||0.222799||0.418458
[2018-05-26 14:25:05] GA||samples/dolphins.gml||fast_newman||27||0.222425||0.478535
[2018-05-26 14:25:21] GA||samples/dolphins.gml||fast_newman||28||0.220964||0.417450
[2018-05-26 14:26:09] GA||samples/dolphins.gml||fast_newman||29||0.219457||0.370913
[2018-05-26 14:26:24] GA||samples/dolphins.gml||fast_newman||30||0.218187||0.462745
[2018-05-26 14:26:25] GA||samples/dolphins.gml||fast_newman||31||0.216887||0.396319
[2018-05-26 14:26:59] GA||samples/dolphins.gml||fast_newman||32||0.216027||0.452949
[2018-05-26 14:27:18] GA||samples/dolphins.gml||fast_newman||33||0.214785||0.374142
[2018-05-26 14:27:36] GA||samples/dolphins.gml||fast_newman||34||0.213768||0.340183
[2018-05-26 14:27:36] GA||samples/dolphins.gml||fast_newman||35||0.212556||0.331887
[2018-05-26 14:27:51] GA||samples/dolphins.gml||fast_newman||36||0.211111||0.398374
[2018-05-26 14:28:44] GA||samples/dolphins.gml||fast_newman||37||0.210105||0.399002
[2018-05-26 14:28:59] GA||samples/dolphins.gml||fast_newman||39||0.207713||0.264975
[2018-05-26 14:29:00] GA||samples/dolphins.gml||fast_newman||38||0.208889||0.417853
[2018-05-26 14:29:36] GA||samples/dolphins.gml||fast_newman||40||0.206963||0.274459
[2018-05-26 14:29:54] GA||samples/dolphins.gml||fast_newman||41||0.205828||0.399731
[2018-05-26 14:30:04] GA||samples/dolphins.gml||fast_newman||43||0.203669||0.242424
[2018-05-26 14:30:06] GA||samples/dolphins.gml||fast_newman||42||0.204921||0.303571
[2018-05-26 14:30:28] GA||samples/dolphins.gml||fast_newman||44||0.202611||0.359268
[2018-05-26 14:31:14] GA||samples/dolphins.gml||fast_newman||45||0.201592||0.385792
[2018-05-26 14:31:40] GA||samples/dolphins.gml||fast_newman||46||0.201216||0.300000
[2018-05-26 14:31:44] GA||samples/dolphins.gml||fast_newman||47||0.199747||0.358491
[2018-05-26 14:32:19] GA||samples/dolphins.gml||fast_newman||48||0.198602||0.360510
[2018-05-26 14:32:29] GA||samples/dolphins.gml||fast_newman||49||0.197700||0.252352
[2018-05-26 14:32:42] GA||samples/dolphins.gml||fast_newman||50||0.196694||0.364946
[2018-05-26 14:32:52] GA||samples/dolphins.gml||fast_newman||51||0.195585||0.374570
[2018-05-26 14:33:11] GA||samples/dolphins.gml||fast_newman||52||0.194735||0.244898
[2018-05-26 14:34:00] GA||samples/dolphins.gml||fast_newman||53||0.193972||0.227824
[2018-05-26 14:34:22] GA||samples/dolphins.gml||fast_newman||55||0.192520||0.253878
[2018-05-26 14:34:28] GA||samples/dolphins.gml||fast_newman||54||0.193129||0.242283
[2018-05-26 14:35:05] GA||samples/dolphins.gml||fast_newman||56||0.191255||0.243902
[2018-05-26 14:35:17] GA||samples/dolphins.gml||fast_newman||57||0.190576||0.255546
[2018-05-26 14:35:31] GA||samples/dolphins.gml||fast_newman||58||0.189408||0.322394
[2018-05-26 14:35:42] GA||samples/dolphins.gml||fast_newman||59||0.188381||0.316810
[2018-05-26 14:35:57] GA||samples/dolphins.gml||fast_newman||60||0.187368||0.401451
[2018-05-26 14:36:43] GA||samples/dolphins.gml||fast_newman||61||0.187316||0.270338
[2018-05-26 14:37:09] GA||samples/dolphins.gml||fast_newman||62||0.185937||0.245877
[2018-05-26 14:37:17] GA||samples/dolphins.gml||fast_newman||63||0.185062||0.262620
[2018-05-26 14:38:03] GA||samples/dolphins.gml||fast_newman||64||0.184482||0.304274
[2018-05-26 14:38:09] GA||samples/dolphins.gml||fast_newman||65||0.183608||0.284351
[2018-05-26 14:38:16] GA||samples/dolphins.gml||fast_newman||66||0.182582||0.261653
[2018-05-26 14:38:34] GA||samples/dolphins.gml||fast_newman||67||0.181834||0.238687
[2018-05-26 14:38:45] GA||samples/dolphins.gml||fast_newman||68||0.180850||0.250167
[2018-05-26 14:39:32] GA||samples/dolphins.gml||fast_newman||69||0.180254||0.255238
[2018-05-26 14:39:54] GA||samples/dolphins.gml||fast_newman||70||0.179198||0.278134
[2018-05-26 14:40:07] GA||samples/dolphins.gml||fast_newman||71||0.178570||0.241267
[2018-05-26 14:40:53] GA||samples/dolphins.gml||fast_newman||72||0.177455||0.326958
[2018-05-26 14:41:03] GA||samples/dolphins.gml||fast_newman||73||0.177017||0.265170
[2018-05-26 14:41:07] GA||samples/dolphins.gml||fast_newman||74||0.176138||0.348624
[2018-05-26 14:41:31] GA||samples/dolphins.gml||fast_newman||75||0.175296||0.269793
[2018-05-26 14:41:40] GA||samples/dolphins.gml||fast_newman||76||0.174584||0.243750
[2018-05-26 14:42:31] GA||samples/dolphins.gml||fast_newman||77||0.173591||0.260038
[2018-05-26 14:42:58] GA||samples/dolphins.gml||fast_newman||78||0.173093||0.309628
[2018-05-26 14:43:07] GA||samples/dolphins.gml||fast_newman||79||0.172436||0.271557
[2018-05-26 14:43:42] GA||samples/dolphins.gml||fast_newman||80||0.171528||0.260087
[2018-05-26 14:44:03] GA||samples/dolphins.gml||fast_newman||81||0.171089||0.245183
[2018-05-26 14:44:15] GA||samples/dolphins.gml||fast_newman||82||0.170510||0.232898
[2018-05-26 14:44:27] GA||samples/dolphins.gml||fast_newman||83||0.169769||0.266150
[2018-05-26 14:44:43] GA||samples/dolphins.gml||fast_newman||84||0.168963||0.266556
[2018-05-26 14:45:28] GA||samples/dolphins.gml||fast_newman||85||0.168400||0.305285
[2018-05-26 14:46:03] GA||samples/dolphins.gml||fast_newman||86||0.167354||0.259548
[2018-05-26 14:46:14] GA||samples/dolphins.gml||fast_newman||87||0.167239||0.240684
[2018-05-26 14:46:41] GA||samples/dolphins.gml||fast_newman||88||0.166098||0.252713
[2018-05-26 14:47:00] GA||samples/dolphins.gml||fast_newman||89||0.165518||0.231061
[2018-05-26 14:47:15] GA||samples/dolphins.gml||fast_newman||90||0.164706||0.256695
[2018-05-26 14:47:33] GA||samples/dolphins.gml||fast_newman||91||0.164185||0.263016
[2018-05-26 14:47:38] GA||samples/dolphins.gml||fast_newman||92||0.163271||0.265938
[2018-05-26 14:48:27] GA||samples/dolphins.gml||fast_newman||93||0.162759||0.254635
[2018-05-26 14:49:07] GA||samples/dolphins.gml||fast_newman||94||0.162089||0.289148
[2018-05-26 14:49:13] GA||samples/dolphins.gml||fast_newman||95||0.161344||0.260045
[2018-05-26 14:49:38] GA||samples/dolphins.gml||fast_newman||96||0.160851||0.237245
[2018-05-26 14:49:55] GA||samples/dolphins.gml||fast_newman||97||0.160052||0.259819
[2018-05-26 14:50:04] GA||samples/dolphins.gml||fast_newman||98||0.159715||0.256188
[2018-05-26 14:50:14] GA||samples/dolphins.gml||fast_newman||99||0.158817||0.259819
[2018-05-26 14:50:26] GA||samples/dolphins.gml||fast_newman||100||0.157981||0.259259
